<?xml version="1.0" encoding="UTF-8"?>
<testsuite xmlns:xsi="http://www.w3.org/2001/XMLSchema-instance" xsi:noNamespaceSchemaLocation="https://maven.apache.org/surefire/maven-surefire-plugin/xsd/surefire-test-report-3.0.xsd" version="3.0" name="ec.epn.edu.git.calculator.CalculatorTest" time="0.04" tests="4" errors="0" skipped="0" failures="0">
  <properties>
    <property name="java.specification.version" value="23"/>
    <property name="sun.cpu.isalist" value="amd64"/>
    <property name="sun.jnu.encoding" value="Cp1252"/>
    <property name="java.class.path" value="D:\Users\Camila\Documents\01_Universidad\02_Metodologías Agiles\sample-calculator-git\target\test-classes;D:\Users\Camila\Documents\01_Universidad\02_Metodologías Agiles\sample-calculator-git\target\classes;C:\Users\Camila\.m2\repository\junit\junit\4.13.2\junit-4.13.2.jar;C:\Users\Camila\.m2\repository\org\hamcrest\hamcrest-core\1.3\hamcrest-core-1.3.jar;C:\Users\Camila\.m2\repository\org\mockito\mockito-core\5.17.0\mockito-core-5.17.0.jar;C:\Users\Camila\.m2\repository\net\bytebuddy\byte-buddy\1.15.11\byte-buddy-1.15.11.jar;C:\Users\Camila\.m2\repository\net\bytebuddy\byte-buddy-agent\1.15.11\byte-buddy-agent-1.15.11.jar;C:\Users\Camila\.m2\repository\org\objenesis\objenesis\3.3\objenesis-3.3.jar;"/>
    <property name="java.vm.vendor" value="Oracle Corporation"/>
    <property name="sun.arch.data.model" value="64"/>
    <property name="user.variant" value=""/>
    <property name="java.vendor.url" value="https://java.oracle.com/"/>
    <property name="user.timezone" value="America/Guayaquil"/>
    <property name="os.name" value="Windows 11"/>
    <property name="java.vm.specification.version" value="23"/>
    <property name="sun.java.launcher" value="SUN_STANDARD"/>
    <property name="user.country" value="EC"/>
    <property name="sun.boot.library.path" value="C:\Program Files\Java\jdk-23\bin"/>
    <property name="sun.java.command" value="C:\Users\Camila\AppData\Local\Temp\surefire8539140181907137061\surefirebooter-20250507225432855_3.jar C:\Users\Camila\AppData\Local\Temp\surefire8539140181907137061 2025-05-07T22-54-32_540-jvmRun1 surefire-20250507225432855_1tmp surefire_0-20250507225432855_2tmp"/>
    <property name="jdk.debug" value="release"/>
    <property name="surefire.test.class.path" value="D:\Users\Camila\Documents\01_Universidad\02_Metodologías Agiles\sample-calculator-git\target\test-classes;D:\Users\Camila\Documents\01_Universidad\02_Metodologías Agiles\sample-calculator-git\target\classes;C:\Users\Camila\.m2\repository\junit\junit\4.13.2\junit-4.13.2.jar;C:\Users\Camila\.m2\repository\org\hamcrest\hamcrest-core\1.3\hamcrest-core-1.3.jar;C:\Users\Camila\.m2\repository\org\mockito\mockito-core\5.17.0\mockito-core-5.17.0.jar;C:\Users\Camila\.m2\repository\net\bytebuddy\byte-buddy\1.15.11\byte-buddy-1.15.11.jar;C:\Users\Camila\.m2\repository\net\bytebuddy\byte-buddy-agent\1.15.11\byte-buddy-agent-1.15.11.jar;C:\Users\Camila\.m2\repository\org\objenesis\objenesis\3.3\objenesis-3.3.jar;"/>
    <property name="sun.cpu.endian" value="little"/>
    <property name="user.home" value="C:\Users\Camila"/>
    <property name="user.language" value="es"/>
    <property name="java.specification.vendor" value="Oracle Corporation"/>
    <property name="java.version.date" value="2024-10-15"/>
    <property name="java.home" value="C:\Program Files\Java\jdk-23"/>
    <property name="file.separator" value="\"/>
    <property name="basedir" value="D:\Users\Camila\Documents\01_Universidad\02_Metodologías Agiles\sample-calculator-git"/>
    <property name="java.vm.compressedOopsMode" value="Zero based"/>
    <property name="line.separator" value="&#10;"/>
    <property name="java.vm.specification.vendor" value="Oracle Corporation"/>
    <property name="java.specification.name" value="Java Platform API Specification"/>
    <property name="surefire.real.class.path" value="C:\Users\Camila\AppData\Local\Temp\surefire8539140181907137061\surefirebooter-20250507225432855_3.jar"/>
    <property name="user.script" value=""/>
    <property name="sun.management.compiler" value="HotSpot 64-Bit Tiered Compilers"/>
    <property name="java.runtime.version" value="23.0.1+11-39"/>
    <property name="user.name" value="Camila"/>
    <property name="stdout.encoding" value="Cp1252"/>
    <property name="path.separator" value=";"/>
    <property name="os.version" value="10.0"/>
    <property name="java.runtime.name" value="Java(TM) SE Runtime Environment"/>
    <property name="file.encoding" value="UTF-8"/>
    <property name="java.vm.name" value="Java HotSpot(TM) 64-Bit Server VM"/>
    <property name="localRepository" value="C:\Users\Camila\.m2\repository"/>
    <property name="java.vendor.url.bug" value="https://bugreport.java.com/bugreport/"/>
    <property name="java.io.tmpdir" value="C:\Users\Camila\AppData\Local\Temp\"/>
    <property name="idea.version" value="2025.1.1"/>
    <property name="java.version" value="23.0.1"/>
    <property name="user.dir" value="D:\Users\Camila\Documents\01_Universidad\02_Metodologías Agiles\sample-calculator-git"/>
    <property name="os.arch" value="amd64"/>
    <property name="java.vm.specification.name" value="Java Virtual Machine Specification"/>
    <property name="sun.os.patch.level" value=""/>
    <property name="native.encoding" value="Cp1252"/>
    <property name="java.library.path" value="C:\Program Files\Java\jdk-23\bin;C:\Windows\Sun\Java\bin;C:\Windows\system32;C:\Windows;C:\Program Files\Common Files\Oracle\Java\javapath;C:\oracle\product\19.3.0.0\db_1\WINDOWS.X64_193000_db_home\bin;C:\app\Camila\product\21c\dbhomeXE\bin;C:\Program Files\Eclipse Adoptium\jdk-21.0.3.9-hotspot\bin;C:\Program Files (x86)\Common Files\Oracle\Java\javapath;C:\Windows\system32;C:\Windows;C:\Windows\System32\Wbem;C:\Windows\System32\WindowsPowerShell\v1.0\;C:\Windows\System32\OpenSSH\;C:\Program Files\Git\cmd;C:\Program Files (x86)\Microsoft SQL Server\160\Tools\Binn\;C:\Program Files\Microsoft SQL Server\160\Tools\Binn\;C:\Program Files\Microsoft SQL Server\Client SDK\ODBC\170\Tools\Binn\;C:\Program Files\Microsoft SQL Server\160\DTS\Binn\;C:\Program Files (x86)\Microsoft SQL Server\160\DTS\Binn\;C:\Program Files\Microsoft SQL Server\150\Tools\Binn\;C:\Program Files\nodejs\;C:\SymmetricDS\bin;;C:\Program Files\Docker\Docker\resources\bin;C:\Users\Camila\.console-ninja\.bin;C:\Users\Camila\AppData\Local\Microsoft\WindowsApps;C:\Program Files\JetBrains\IntelliJ IDEA 2023.3.5\bin;C:\Users\Camila\AppData\Local\JetBrains\Toolbox\scripts;C:\Users\Camila\AppData\Local\Programs\Microsoft VS Code\bin;C:\MinGW\bin;C:\Program Files (x86)\Nmap;C:\Users\Camila\.dotnet\tools;C:\ProgramData\Camila\gitkraken\bin;C:\Users\Camila\AppData\Local\gitkraken\bin;C:\Users\Camila\AppData\Roaming\npm;C:\Users\Camila\AppData\Local\Programs\Ollama;C:\Program Files\JetBrains\IntelliJ IDEA 2025.1.1\bin;;."/>
    <property name="java.vm.info" value="mixed mode, sharing"/>
    <property name="stderr.encoding" value="Cp1252"/>
    <property name="java.vendor" value="Oracle Corporation"/>
    <property name="java.vm.version" value="23.0.1+11-39"/>
    <property name="sun.io.unicode.encoding" value="UnicodeLittle"/>
    <property name="java.class.version" value="67.0"/>
  </properties>
  <testcase name="given_two_integers_when_addition_then_ok" classname="ec.epn.edu.git.calculator.CalculatorTest" time="0.001">
    <system-out><![CDATA[SetUpClean()
setUp()
Test 1
tearDown()
]]></system-out>
  </testcase>
  <testcase name="given_two_integers_when_multiplication_then_ok" classname="ec.epn.edu.git.calculator.CalculatorTest" time="0.006">
    <system-out><![CDATA[setUp()
Test 4
tearDown()
]]></system-out>
  </testcase>
  <testcase name="given_two_integers_when_division_then_ok" classname="ec.epn.edu.git.calculator.CalculatorTest" time="0.003">
    <system-out><![CDATA[setUp()
tearDown()
]]></system-out>
  </testcase>
  <testcase name="given_two_integers_when_subtraction_then_ok" classname="ec.epn.edu.git.calculator.CalculatorTest" time="0.014">
    <system-out><![CDATA[setUp()
Test 2
tearDown()
]]></system-out>
  </testcase>
</testsuite>